<?xml version="1.0" encoding="UTF-8"?>
<testng-results ignored="0" total="4" passed="4" failed="0" skipped="0">
  <reporter-output>
  </reporter-output>
  <suite started-at="2023-06-29T21:03:56 EDT" name="OpenCartSuite" finished-at="2023-06-29T21:04:24 EDT" duration-ms="28071">
    <groups>
    </groups>
    <test started-at="2023-06-29T21:03:56 EDT" name="OpenCartTest" finished-at="2023-06-29T21:04:24 EDT" duration-ms="28071">
      <class name="testCases.TC003LoginTest_DDT">
        <test-method is-config="true" signature="setUp(java.lang.String)[pri:0, instance:testCases.TC003LoginTest_DDT@54a7079e]" started-at="2023-06-29T21:03:57 EDT" name="setUp" finished-at="2023-06-29T21:04:02 EDT" duration-ms="5193" status="PASS">
          <params>
            <param index="0">
              <value>
                <![CDATA[chrome]]>
              </value>
            </param>
          </params>
          <reporter-output>
          </reporter-output>
        </test-method> <!-- setUp -->
        <test-method signature="test_loginDDT(java.lang.String,java.lang.String,java.lang.String)[pri:0, instance:testCases.TC003LoginTest_DDT@54a7079e]" started-at="2023-06-29T21:04:02 EDT" name="test_loginDDT" data-provider="LoginData" finished-at="2023-06-29T21:04:03 EDT" duration-ms="806" status="PASS">
          <params>
            <param index="0">
              <value>
                <![CDATA[narinder.gupta@gmail.com]]>
              </value>
            </param>
            <param index="1">
              <value>
                <![CDATA[Test1234]]>
              </value>
            </param>
            <param index="2">
              <value>
                <![CDATA[Valid]]>
              </value>
            </param>
          </params>
          <reporter-output>
          </reporter-output>
        </test-method> <!-- test_loginDDT -->
        <test-method signature="test_loginDDT(java.lang.String,java.lang.String,java.lang.String)[pri:0, instance:testCases.TC003LoginTest_DDT@54a7079e]" started-at="2023-06-29T21:04:03 EDT" name="test_loginDDT" data-provider="LoginData" finished-at="2023-06-29T21:04:13 EDT" duration-ms="10362" status="PASS">
          <params>
            <param index="0">
              <value>
                <![CDATA[ng@yahoo.com]]>
              </value>
            </param>
            <param index="1">
              <value>
                <![CDATA[Test1234]]>
              </value>
            </param>
            <param index="2">
              <value>
                <![CDATA[Invalid]]>
              </value>
            </param>
          </params>
          <reporter-output>
          </reporter-output>
        </test-method> <!-- test_loginDDT -->
        <test-method signature="test_loginDDT(java.lang.String,java.lang.String,java.lang.String)[pri:0, instance:testCases.TC003LoginTest_DDT@54a7079e]" started-at="2023-06-29T21:04:13 EDT" name="test_loginDDT" data-provider="LoginData" finished-at="2023-06-29T21:04:24 EDT" duration-ms="10408" status="PASS">
          <params>
            <param index="0">
              <value>
                <![CDATA[Radha@krishna.com]]>
              </value>
            </param>
            <param index="1">
              <value>
                <![CDATA[Test1234]]>
              </value>
            </param>
            <param index="2">
              <value>
                <![CDATA[Invalid]]>
              </value>
            </param>
          </params>
          <reporter-output>
          </reporter-output>
        </test-method> <!-- test_loginDDT -->
        <test-method signature="test_loginDDT(java.lang.String,java.lang.String,java.lang.String)[pri:0, instance:testCases.TC003LoginTest_DDT@54a7079e]" started-at="2023-06-29T21:04:24 EDT" name="test_loginDDT" data-provider="LoginData" finished-at="2023-06-29T21:04:24 EDT" duration-ms="594" status="PASS">
          <params>
            <param index="0">
              <value>
                <![CDATA[narinder.gupta2020@outlook.com]]>
              </value>
            </param>
            <param index="1">
              <value>
                <![CDATA[Test1234]]>
              </value>
            </param>
            <param index="2">
              <value>
                <![CDATA[Valid]]>
              </value>
            </param>
          </params>
          <reporter-output>
          </reporter-output>
        </test-method> <!-- test_loginDDT -->
        <test-method is-config="true" signature="tearDown()[pri:0, instance:testCases.TC003LoginTest_DDT@54a7079e]" started-at="2023-06-29T21:04:24 EDT" name="tearDown" finished-at="2023-06-29T21:04:24 EDT" duration-ms="187" status="PASS">
          <reporter-output>
          </reporter-output>
        </test-method> <!-- tearDown -->
      </class> <!-- testCases.TC003LoginTest_DDT -->
    </test> <!-- OpenCartTest -->
  </suite> <!-- OpenCartSuite -->
</testng-results>
