<?xml version="1.0" encoding="UTF-8"?>
<!-- Generated by org.testng.reporters.JUnitXMLReporter -->
<testsuite ignored="0" hostname="ng_desktop" failures="0" tests="4" name="OpenCartTest" time="28.071" errors="0" timestamp="2023-06-29T21:04:24 EDT">
  <testcase classname="testCases.TC003LoginTest_DDT" name="test_loginDDT" time="0.806"/>
  <testcase classname="testCases.TC003LoginTest_DDT" name="test_loginDDT" time="10.362"/>
  <testcase classname="testCases.TC003LoginTest_DDT" name="test_loginDDT" time="10.408"/>
  <testcase classname="testCases.TC003LoginTest_DDT" name="test_loginDDT" time="0.594"/>
</testsuite> <!-- OpenCartTest -->
